{
  "RSpec": {
    "coverage": {
      "/home/eduardo/tramps/ratePost/app/models/post.rb": {
        "lines": [
          1,
          1,
          1,
          null,
          1,
          null
        ]
      },
      "/home/eduardo/tramps/ratePost/app/models/rating.rb": {
        "lines": [
          1,
          1,
          1,
          null,
          1,
          1,
          null
        ]
      },
      "/home/eduardo/tramps/ratePost/app/models/user.rb": {
        "lines": [
          1,
          1,
          1,
          null,
          1,
          null
        ]
      },
      "/home/eduardo/tramps/ratePost/app/services/rating_service.rb": {
        "lines": [
          1,
          1,
          6,
          6,
          6,
          null,
          null,
          1,
          6,
          null,
          null,
          1,
          6,
          null,
          null,
          1,
          null,
          1,
          6,
          null,
          4,
          null,
          4,
          2,
          null,
          2,
          null,
          null,
          0,
          null,
          null,
          1,
          6,
          null,
          null,
          1,
          4,
          null,
          null,
          1,
          2,
          null,
          null
        ]
      },
      "/home/eduardo/tramps/ratePost/app/controllers/api/v1/posts_controller.rb": {
        "lines": [
          1,
          1,
          1,
          1,
          3,
          3,
          null,
          3,
          2,
          null,
          1,
          null,
          null,
          null,
          1,
          1,
          null,
          1,
          null,
          null,
          null,
          null,
          null,
          1,
          null,
          null,
          1,
          1,
          null,
          null,
          null,
          1,
          null,
          2,
          null,
          null,
          null,
          null,
          1,
          null,
          null,
          1,
          null,
          1,
          9,
          null,
          null,
          1,
          3,
          null,
          null,
          null,
          null
        ]
      },
      "/home/eduardo/tramps/ratePost/app/controllers/api/v1/ratings_controller.rb": {
        "lines": [
          1,
          1,
          1,
          1,
          4,
          null,
          4,
          3,
          null,
          1,
          null,
          null,
          null,
          1,
          null,
          1,
          12,
          null,
          null,
          null,
          null
        ]
      }
    },
    "timestamp": 1745583936
  }
}
